usage: git remote get-url [--push] [--all] <name>

    --push                query push URLs rather than fetch URLs
    --all                 return all URLs

Syncing  at /home/deck/Documents/gitrepo/sandbox with a default sync interval of 500
Syncing due to timeout
git-sync: Preparing. Repo in .git /home/deck/Documents/gitrepo/sandbox
git-sync: Mode sync
git-sync: Using origin/master
git-sync: Committing local changes using git add -A ; git commit -m "changes from steamdeck on Sun Aug 7 12:00:20 AM CEST 2022";
[master c5c3a16] changes from steamdeck on Sun Aug 7 12:00:20 AM CEST 2022
 1 file changed, 11 insertions(+)
 create mode 100644 nohup.out
git-sync: Auto-commit left uncommitted changes. Please add or remove them as desired and retry.
Syncing due to timeout
git-sync: Preparing. Repo in .git /home/deck/Documents/gitrepo/sandbox
git-sync: Mode sync
git-sync: Using origin/master
git-sync: Committing local changes using git add -A ; git commit -m "changes from steamdeck on Sun Aug 7 12:00:20 AM CEST 2022";
[master 2d12e89] changes from steamdeck on Sun Aug 7 12:00:20 AM CEST 2022
 1 file changed, 9 insertions(+)
git-sync: Auto-commit left uncommitted changes. Please add or remove them as desired and retry.
Syncing due to timeout
git-sync: Preparing. Repo in .git /home/deck/Documents/gitrepo/sandbox
git-sync: Mode sync
git-sync: Using origin/master
git-sync: Committing local changes using git add -A ; git commit -m "changes from steamdeck on Sun Aug 7 12:00:20 AM CEST 2022";
[master 136804a] changes from steamdeck on Sun Aug 7 12:00:20 AM CEST 2022
 1 file changed, 8 insertions(+)
git-sync: Auto-commit left uncommitted changes. Please add or remove them as desired and retry.
Syncing due to timeout
git-sync: Preparing. Repo in .git /home/deck/Documents/gitrepo/sandbox
git-sync: Mode sync
git-sync: Using origin/master
git-sync: Committing local changes using git add -A ; git commit -m "changes from steamdeck on Sun Aug 7 12:00:20 AM CEST 2022";
[master 74c4032] changes from steamdeck on Sun Aug 7 12:00:20 AM CEST 2022
 1 file changed, 8 insertions(+)
git-sync: Auto-commit left uncommitted changes. Please add or remove them as desired and retry.
Syncing due to timeout
git-sync: Preparing. Repo in .git /home/deck/Documents/gitrepo/sandbox
git-sync: Mode sync
git-sync: Using origin/master
git-sync: Committing local changes using git add -A ; git commit -m "changes from steamdeck on Sun Aug 7 12:00:20 AM CEST 2022";
[master 50ef2de] changes from steamdeck on Sun Aug 7 12:00:20 AM CEST 2022
 1 file changed, 8 insertions(+)
git-sync: Auto-commit left uncommitted changes. Please add or remove them as desired and retry.
Syncing due to timeout
git-sync: Preparing. Repo in .git /home/deck/Documents/gitrepo/sandbox
git-sync: Mode sync
git-sync: Using origin/master
git-sync: Committing local changes using git add -A ; git commit -m "changes from steamdeck on Sun Aug 7 12:00:20 AM CEST 2022";
[master c3bb5a8] changes from steamdeck on Sun Aug 7 12:00:20 AM CEST 2022
 1 file changed, 8 insertions(+)
git-sync: Auto-commit left uncommitted changes. Please add or remove them as desired and retry.
Syncing due to timeout
git-sync: Preparing. Repo in .git /home/deck/Documents/gitrepo/sandbox
git-sync: Mode sync
git-sync: Using origin/master
git-sync: Committing local changes using git add -A ; git commit -m "changes from steamdeck on Sun Aug 7 12:00:20 AM CEST 2022";
[master 61c53b2] changes from steamdeck on Sun Aug 7 12:00:20 AM CEST 2022
 1 file changed, 8 insertions(+)
git-sync: Auto-commit left uncommitted changes. Please add or remove them as desired and retry.
Syncing due to timeout
git-sync: Preparing. Repo in .git /home/deck/Documents/gitrepo/sandbox
git-sync: Mode sync
git-sync: Using origin/master
git-sync: Committing local changes using git add -A ; git commit -m "changes from steamdeck on Sun Aug 7 12:00:20 AM CEST 2022";
[master b00b91d] changes from steamdeck on Sun Aug 7 12:00:20 AM CEST 2022
 1 file changed, 8 insertions(+)
git-sync: Auto-commit left uncommitted changes. Please add or remove them as desired and retry.
Syncing due to timeout
git-sync: Preparing. Repo in .git /home/deck/Documents/gitrepo/sandbox
git-sync: Mode sync
git-sync: Using origin/master
git-sync: Committing local changes using git add -A ; git commit -m "changes from steamdeck on Sun Aug 7 12:00:21 AM CEST 2022";
[master 4191ace] changes from steamdeck on Sun Aug 7 12:00:21 AM CEST 2022
 1 file changed, 8 insertions(+)
git-sync: Auto-commit left uncommitted changes. Please add or remove them as desired and retry.
Syncing due to timeout
git-sync: Preparing. Repo in .git /home/deck/Documents/gitrepo/sandbox
git-sync: Mode sync
git-sync: Using origin/master
git-sync: Committing local changes using git add -A ; git commit -m "changes from steamdeck on Sun Aug 7 12:00:21 AM CEST 2022";
[master 180bf49] changes from steamdeck on Sun Aug 7 12:00:21 AM CEST 2022
 1 file changed, 8 insertions(+)
git-sync: Auto-commit left uncommitted changes. Please add or remove them as desired and retry.
Syncing due to timeout
git-sync: Preparing. Repo in .git /home/deck/Documents/gitrepo/sandbox
git-sync: Mode sync
git-sync: Using origin/master
git-sync: Committing local changes using git add -A ; git commit -m "changes from steamdeck on Sun Aug 7 12:00:21 AM CEST 2022";
